<?xml version="1.0" encoding="UTF-8"?>
<!-- Generated by org.testng.reporters.JUnitXMLReporter -->
<testsuite ignored="0" hostname="A2Z-A342-Nabil" failures="1" tests="3" name="Test" time="14.964" errors="0" timestamp="2024-07-14T01:22:36 IST">
  <testcase classname="api.TC01_Lead" name="testCreateLeadResourceByPassingBlankResponse" time="3.92"/>
  <testcase classname="api.TC01_Lead" name="testCreateLeadResourceByPassingIncompleteObjects" time="3.776">
    <failure type="java.lang.AssertionError" message="expected [400] but found [200]">
      <![CDATA[java.lang.AssertionError: expected [400] but found [200]
at api.TC01_Lead.testCreateLeadResourceByPassingIncompleteObjects(TC01_Lead.java:95)
at java.base/java.util.ArrayList.forEach(ArrayList.java:1596)
... Removed 36 stack frames]]>
    </failure>
  </testcase> <!-- testCreateLeadResourceByPassingIncompleteObjects -->
  <testcase classname="api.TC01_Lead" name="testCreateLeadResourceByPassingMandatoryAndOptionalObjects" time="6.851"/>
</testsuite> <!-- Test -->
