-------------------------------------------------------------------------------
Test set: TestSuite
-------------------------------------------------------------------------------
Tests run: 3, Failures: 1, Errors: 0, Skipped: 0, Time elapsed: 13.024 s <<< FAILURE! - in TestSuite
testCreateLeadResourceByPassingIncompleteObjects(api.TC01_Lead)  Time elapsed: 1.811 s  <<< FAILURE!
java.lang.AssertionError: expected [400] but found [200]
	at api.TC01_Lead.testCreateLeadResourceByPassingIncompleteObjects(TC01_Lead.java:95)

