<?xml version="1.0" encoding="UTF-8"?>
<testng-results ignored="0" total="1" passed="0" failed="1" skipped="0">
  <reporter-output>
  </reporter-output>
  <suite started-at="2024-07-13T14:32:49 IST" name="Default suite" finished-at="2024-07-13T14:32:50 IST" duration-ms="341">
    <groups>
    </groups>
    <test started-at="2024-07-13T14:32:49 IST" name="Default test" finished-at="2024-07-13T14:32:50 IST" duration-ms="341">
      <class name="api.TC01_Lead">
        <test-method is-config="true" signature="setup()[pri:0, instance:api.TC01_Lead@7ce026d3]" started-at="2024-07-13T14:32:49 IST" name="setup" finished-at="2024-07-13T14:32:50 IST" duration-ms="304" status="PASS">
          <reporter-output>
          </reporter-output>
        </test-method> <!-- setup -->
        <test-method signature="testCreateNewLeadResourceByPassingMandatoryAndOptionalObjects()[pri:0, instance:api.TC01_Lead@7ce026d3]" started-at="2024-07-13T14:32:50 IST" name="testCreateNewLeadResourceByPassingMandatoryAndOptionalObjects" finished-at="2024-07-13T14:32:50 IST" duration-ms="5" status="FAIL">
          <exception class="java.nio.file.NoSuchFileException">
            <message>
              <![CDATA[src\test\resources\leadRequestBody.json]]>
            </message>
            <full-stacktrace>
              <![CDATA[java.nio.file.NoSuchFileException: src\test\resources\leadRequestBody.json
at java.base/sun.nio.fs.WindowsException.translateToIOException(WindowsException.java:85)
at java.base/sun.nio.fs.WindowsException.rethrowAsIOException(WindowsException.java:103)
at java.base/sun.nio.fs.WindowsException.rethrowAsIOException(WindowsException.java:108)
at java.base/sun.nio.fs.WindowsFileSystemProvider.newByteChannel(WindowsFileSystemProvider.java:234)
at java.base/java.nio.file.Files.newByteChannel(Files.java:379)
at java.base/java.nio.file.Files.newByteChannel(Files.java:431)
at java.base/java.nio.file.Files.readAllBytes(Files.java:3268)
at helper.CommonMethods.readFileAsString(CommonMethods.java:9)
at api.TC01_Lead.testCreateNewLeadResourceByPassingMandatoryAndOptionalObjects(TC01_Lead.java:40)
at java.base/jdk.internal.reflect.DirectMethodHandleAccessor.invoke(DirectMethodHandleAccessor.java:103)
at java.base/java.lang.reflect.Method.invoke(Method.java:580)
at org.testng.internal.invokers.MethodInvocationHelper.invokeMethod(MethodInvocationHelper.java:141)
at org.testng.internal.invokers.TestInvoker.invokeMethod(TestInvoker.java:686)
at org.testng.internal.invokers.TestInvoker.invokeTestMethod(TestInvoker.java:230)
at org.testng.internal.invokers.MethodRunner.runInSequence(MethodRunner.java:63)
at org.testng.internal.invokers.TestInvoker$MethodInvocationAgent.invoke(TestInvoker.java:992)
at org.testng.internal.invokers.TestInvoker.invokeTestMethods(TestInvoker.java:203)
at org.testng.internal.invokers.TestMethodWorker.invokeTestMethods(TestMethodWorker.java:154)
at org.testng.internal.invokers.TestMethodWorker.run(TestMethodWorker.java:134)
at java.base/java.util.ArrayList.forEach(ArrayList.java:1596)
at org.testng.TestRunner.privateRun(TestRunner.java:739)
at org.testng.TestRunner.run(TestRunner.java:614)
at org.testng.SuiteRunner.runTest(SuiteRunner.java:421)
at org.testng.SuiteRunner.runSequentially(SuiteRunner.java:413)
at org.testng.SuiteRunner.privateRun(SuiteRunner.java:373)
at org.testng.SuiteRunner.run(SuiteRunner.java:312)
at org.testng.SuiteRunnerWorker.runSuite(SuiteRunnerWorker.java:52)
at org.testng.SuiteRunnerWorker.run(SuiteRunnerWorker.java:95)
at org.testng.TestNG.runSuitesSequentially(TestNG.java:1274)
at org.testng.TestNG.runSuitesLocally(TestNG.java:1208)
at org.testng.TestNG.runSuites(TestNG.java:1112)
at org.testng.TestNG.run(TestNG.java:1079)
at org.testng.remote.AbstractRemoteTestNG.run(AbstractRemoteTestNG.java:115)
at org.testng.remote.RemoteTestNG.initAndRun(RemoteTestNG.java:293)
at org.testng.remote.RemoteTestNG.main(RemoteTestNG.java:91)
]]>
            </full-stacktrace>
          </exception> <!-- java.nio.file.NoSuchFileException -->
          <reporter-output>
          </reporter-output>
        </test-method> <!-- testCreateNewLeadResourceByPassingMandatoryAndOptionalObjects -->
      </class> <!-- api.TC01_Lead -->
    </test> <!-- Default test -->
  </suite> <!-- Default suite -->
</testng-results>
